2014-04-14 10:52:27,733:CONFIG:green-vsrx:connecting to host: jeremy@green-vsrx
2014-04-14 10:52:29,772:CONFIG:green-vsrx:pushing file: /home/jeremy/Ansible/ansible-vsrx-demo/banner/banner.conf
2014-04-14 10:52:29,772:CONFIG:green-vsrx:taking lock
2014-04-14 10:52:29,891:CONFIG:green-vsrx:loading config
2014-04-14 10:52:30,784:CONFIG:green-vsrx:committing change, please be patient
2014-04-14 10:52:34,375:CONFIG:green-vsrx:unlocking
2014-04-14 10:52:34,544:CONFIG:green-vsrx:change completed
2014-04-14 10:55:03,912:CONFIG:green-vsrx:connecting to host: jeremy@green-vsrx
2014-04-14 10:55:05,726:CONFIG:green-vsrx:pushing file: /home/jeremy/Ansible/ansible-vsrx-demo/banner/banner.conf
2014-04-14 10:55:05,726:CONFIG:green-vsrx:taking lock
2014-04-14 10:55:05,898:CONFIG:green-vsrx:loading config
2014-04-14 10:55:06,769:CONFIG:green-vsrx:unlocking
2014-04-14 10:55:06,888:CONFIG:green-vsrx:change completed
2014-04-14 10:55:13,546:CONFIG:green-vsrx:connecting to host: jeremy@green-vsrx
2014-04-14 10:55:15,286:CONFIG:green-vsrx:pushing file: /home/jeremy/Ansible/ansible-vsrx-demo/banner/banner.conf
2014-04-14 10:55:15,286:CONFIG:green-vsrx:taking lock
2014-04-14 10:55:15,456:CONFIG:green-vsrx:loading config
2014-04-14 10:55:16,249:CONFIG:green-vsrx:unlocking
2014-04-14 10:55:16,419:CONFIG:green-vsrx:change completed
2014-04-14 10:56:03,603:CONFIG:green-vsrx:connecting to host: jeremy@green-vsrx
2014-04-14 10:56:05,190:CONFIG:green-vsrx:pushing file: /home/jeremy/Ansible/ansible-vsrx-demo/banner/banner.conf
2014-04-14 10:56:05,196:CONFIG:green-vsrx:taking lock
2014-04-14 10:56:05,313:CONFIG:green-vsrx:loading config
2014-04-14 10:56:06,057:CONFIG:green-vsrx:unlocking
2014-04-14 10:56:06,176:CONFIG:green-vsrx:change completed
2014-04-17 09:01:26,278:CONFIG:green-vsrx:connecting to host: jeremy@green-vsrx
2014-04-17 09:01:28,786:CONFIG:green-vsrx:pushing file: /home/jeremy/Ansible/ansible-vsrx-demo/banner/banner.conf
2014-04-17 09:01:28,786:CONFIG:green-vsrx:taking lock
2014-04-17 09:01:28,954:CONFIG:green-vsrx:loading config
2014-04-17 09:01:29,962:CONFIG:green-vsrx:committing change, please be patient
2014-04-17 09:01:38,410:CONFIG:green-vsrx:unlocking
2014-04-17 09:01:38,593:CONFIG:green-vsrx:change completed
2014-04-17 09:01:49,706:CONFIG:green-vsrx:connecting to host: jeremy@green-vsrx
2014-04-17 09:01:52,191:CONFIG:green-vsrx:pushing file: /home/jeremy/Ansible/ansible-vsrx-demo/banner/banner.conf
2014-04-17 09:01:52,191:CONFIG:green-vsrx:taking lock
2014-04-17 09:01:52,310:CONFIG:green-vsrx:loading config
2014-04-17 09:01:53,229:CONFIG:green-vsrx:unlocking
2014-04-17 09:01:53,403:CONFIG:green-vsrx:change completed
